0 info it worked if it ends with ok
1 verbose cli [ 'C:\\Program Files (x86)\\nodejs\\node.exe',
1 verbose cli   'C:\\Program Files (x86)\\nodejs\\node_modules\\npm\\bin\\npm-cli.js',
1 verbose cli   'start' ]
2 info using npm@3.3.12
3 info using node@v5.3.0
4 verbose run-script [ 'prestart', 'start', 'poststart' ]
5 info lifecycle syncing_data@1.0.0~prestart: syncing_data@1.0.0
6 silly lifecycle syncing_data@1.0.0~prestart: no script for prestart, continuing
7 info lifecycle syncing_data@1.0.0~start: syncing_data@1.0.0
8 verbose lifecycle syncing_data@1.0.0~start: unsafe-perm in lifecycle true
9 verbose lifecycle syncing_data@1.0.0~start: PATH: C:\Program Files (x86)\nodejs\node_modules\npm\bin\node-gyp-bin;Z:\IGMProfile\College\Rich Media 2\SyncingData\SyncingData\node_modules\.bin;D:\Users\wsw3877\bin;C:\Program Files\Git\mingw64\bin;C:\Program Files\Git\usr\local\bin;C:\Program Files\Git\usr\bin;C:\Program Files\Git\usr\bin;C:\Program Files\Git\mingw64\bin;C:\Program Files\Git\usr\bin;D:\Users\wsw3877\bin;C:\Program Files (x86)\ActiveState Komodo Edit 9;C:\ProgramData\Oracle\Java\javapath;C:\Program Files (x86)\Intel\iCLS Client;C:\Program Files\Intel\iCLS Client;C:\Windows\system32;C:\Windows;C:\Windows\System32\Wbem;C:\Windows\System32\WindowsPowerShell\v1.0;C:\Program Files (x86)\NVIDIA Corporation\PhysX\Common;C:\Program Files\Intel\Intel(R) Management Engine Components\DAL;C:\Program Files\Intel\Intel(R) Management Engine Components\IPT;C:\Program Files (x86)\Intel\Intel(R) Management Engine Components\DAL;C:\Program Files (x86)\Intel\Intel(R) Management Engine Components\IPT;C:\Program Files\Microsoft SQL Server\120\Tools\Binn;C:\Program Files (x86)\GtkSharp\2.12\bin;C:\Program Files (x86)\Windows Kits\8.1\Windows Performance Toolkit;C:\Program Files\Microsoft SQL Server\110\Tools\Binn;C:\Program Files (x86)\Microsoft SDKs\TypeScript\1.0;C:\Program Files\doxygen\bin;C:\Program Files\Microsoft\Web Platform Installer;C:\Program Files (x86)\Lua\5.1;C:\Program Files (x86)\Lua\5.1\clibs;C:\Program Files (x86)\Heroku\bin;C:\Program Files (x86)\git\cmd;C:\Program Files (x86)\Visual Leak Detector\bin\Win32;C:\Program Files (x86)\Visual Leak Detector\bin\Win64;C:\Program Files\Common Files\Autodesk Shared;C:\Program Files (x86)\Autodesk\Backburner;C:\Program Files (x86)\nodejs;C:\Program Files\TortoiseSVN\bin;C:\Program Files (x86)\QuickTime\QTSystem;C:\Program Files\Java\jdk1.7.0\bin;C:\Program Files\Git\usr\bin\vendor_perl;C:\Program Files\Git\usr\bin\core_perl
10 verbose lifecycle syncing_data@1.0.0~start: CWD: Z:\IGMProfile\College\Rich Media 2\SyncingData\SyncingData
11 silly lifecycle syncing_data@1.0.0~start: Args: [ '/d /s /c', 'node src/index.js' ]
12 silly lifecycle syncing_data@1.0.0~start: Returned: code: 1  signal: null
13 info lifecycle syncing_data@1.0.0~start: Failed to exec start script
14 verbose stack Error: syncing_data@1.0.0 start: `node src/index.js`
14 verbose stack Exit status 1
14 verbose stack     at EventEmitter.<anonymous> (C:\Program Files (x86)\nodejs\node_modules\npm\lib\utils\lifecycle.js:232:16)
14 verbose stack     at emitTwo (events.js:87:13)
14 verbose stack     at EventEmitter.emit (events.js:172:7)
14 verbose stack     at ChildProcess.<anonymous> (C:\Program Files (x86)\nodejs\node_modules\npm\lib\utils\spawn.js:24:14)
14 verbose stack     at emitTwo (events.js:87:13)
14 verbose stack     at ChildProcess.emit (events.js:172:7)
14 verbose stack     at maybeClose (internal/child_process.js:818:16)
14 verbose stack     at Process.ChildProcess._handle.onexit (internal/child_process.js:211:5)
15 verbose pkgid syncing_data@1.0.0
16 verbose cwd Z:\IGMProfile\College\Rich Media 2\SyncingData\SyncingData
17 error Windows_NT 10.0.10240
18 error argv "C:\\Program Files (x86)\\nodejs\\node.exe" "C:\\Program Files (x86)\\nodejs\\node_modules\\npm\\bin\\npm-cli.js" "start"
19 error node v5.3.0
20 error npm  v3.3.12
21 error code ELIFECYCLE
22 error syncing_data@1.0.0 start: `node src/index.js`
22 error Exit status 1
23 error Failed at the syncing_data@1.0.0 start script 'node src/index.js'.
23 error Make sure you have the latest version of node.js and npm installed.
23 error If you do, this is most likely a problem with the syncing_data package,
23 error not with npm itself.
23 error Tell the author that this fails on your system:
23 error     node src/index.js
23 error You can get their info via:
23 error     npm owner ls syncing_data
23 error There is likely additional logging output above.
24 verbose exit [ 1, true ]
